<?xml version="1.0" encoding="UTF-8"?>
<!-- Generated by org.testng.reporters.JUnitXMLReporter -->
<testsuite ignored="10" hostname="Geetha" failures="0" tests="1" name="chromeTest" time="47.706" errors="0" timestamp="2023-06-16T19:12:06 PDT">
  <testcase classname="com.automation.testscripts.POMAutomationScripts" name="MySettings_UserMenu_Option_TestScript_07" time="44.718"/>
  <testcase classname="com.automation.testscripts.POMAutomationScripts" name="Login_Error_Message_TestScript_01" time="0.0">
    <ignored/>
  </testcase> <!-- Login_Error_Message_TestScript_01 -->
  <testcase classname="com.automation.testscripts.POMAutomationScripts" name="Success_login_TestScript_02" time="0.0">
    <ignored/>
  </testcase> <!-- Success_login_TestScript_02 -->
  <testcase classname="com.automation.testscripts.POMAutomationScripts" name="Forgot_Password_TestScript__4A" time="0.0">
    <ignored/>
  </testcase> <!-- Forgot_Password_TestScript__4A -->
  <testcase classname="com.automation.testscripts.POMAutomationScripts" name="Success_login_RememberMe_TestScript_03" time="0.0">
    <ignored/>
  </testcase> <!-- Success_login_RememberMe_TestScript_03 -->
  <testcase classname="com.automation.testscripts.POMAutomationScripts" name="DevConsole_UserMenu_Option_TestScript_08" time="0.0">
    <ignored/>
  </testcase> <!-- DevConsole_UserMenu_Option_TestScript_08 -->
  <testcase classname="com.automation.testscripts.POMAutomationScripts" name="User_Menu_Dropdown_TestScript_05" time="0.0">
    <ignored/>
  </testcase> <!-- User_Menu_Dropdown_TestScript_05 -->
  <testcase classname="com.automation.testscripts.POMAutomationScripts" name="MyProfile_UserMenu_Option_TestScript_06" time="0.0">
    <ignored/>
  </testcase> <!-- MyProfile_UserMenu_Option_TestScript_06 -->
  <testcase classname="com.automation.testscripts.POMAutomationScripts" name="Forgot_Password_TestScript_4B" time="0.0">
    <ignored/>
  </testcase> <!-- Forgot_Password_TestScript_4B -->
  <testcase classname="com.automation.testscripts.POMAutomationScripts" name="Create_Account_TestScript_10" time="0.0">
    <ignored/>
  </testcase> <!-- Create_Account_TestScript_10 -->
  <testcase classname="com.automation.testscripts.POMAutomationScripts" name="Logout_TestScript_09" time="0.0">
    <ignored/>
  </testcase> <!-- Logout_TestScript_09 -->
</testsuite> <!-- chromeTest -->
